<?xml version="1.0" encoding="UTF-8"?>
<!-- Generated by org.testng.reporters.JUnitReportReporter -->
<testsuite skipped="0" hostname="LAPTOP-4IBB4H2C" name="com.xml_bean_config.AutomateEdgeBrowser" tests="1" failures="0" timestamp="07 Jun 2020 19:27:30 GMT" time="3.023" errors="0">
  <testcase name="TestEdgeBrowser" time="3.023" classname="com.xml_bean_config.AutomateEdgeBrowser"/>
</testsuite> <!-- com.xml_bean_config.AutomateEdgeBrowser -->
