<?xml version="1.0" encoding="UTF-8"?>
<!-- Generated by org.testng.reporters.JUnitReportReporter -->
<testsuite hostname="LAPTOP-4IBB4H2C" name="page_objects.Test99GuruLogin" tests="1" failures="0" timestamp="8 Mar 2020 20:36:00 GMT" time="3.116" errors="0">
  <testcase name="sanity_test" time="3.116" classname="page_objects.Test99GuruLogin"/>
</testsuite> <!-- page_objects.Test99GuruLogin -->
