<?xml version="1.0" encoding="UTF-8"?>
<!-- Generated by org.testng.reporters.JUnitReportReporter -->
<testsuite hostname="LAPTOP-4IBB4H2C" name="webUITests.AutomationPracticeTests" tests="1" failures="0" timestamp="10 Mar 2020 01:06:39 GMT" time="4.988" errors="0">
  <testcase name="create_an_account" time="4.988" classname="webUITests.AutomationPracticeTests"/>
</testsuite> <!-- webUITests.AutomationPracticeTests -->
