<?xml version="1.0" encoding="UTF-8"?>
<!-- Generated by org.testng.reporters.JUnitReportReporter -->
<testsuite hostname="LAPTOP-4IBB4H2C" name="page_objects.AutomationPracticeTests" tests="1" failures="0" timestamp="8 Mar 2020 23:11:24 GMT" time="5.267" errors="0">
  <testcase name="create_an_account" time="5.267" classname="page_objects.AutomationPracticeTests"/>
</testsuite> <!-- page_objects.AutomationPracticeTests -->
